[0m12:06:59.762038 [debug] [MainThread]: Sending event: {'category': 'dbt', 'action': 'invocation', 'label': 'start', 'context': [<snowplow_tracker.self_describing_json.SelfDescribingJson object at 0x0000023F2063ACD0>, <snowplow_tracker.self_describing_json.SelfDescribingJson object at 0x0000023F1FD2E510>, <snowplow_tracker.self_describing_json.SelfDescribingJson object at 0x0000023F1BE70090>]}


============================== 12:07:00.044471 | 901d444f-0bf4-4493-8e35-481a4cedc36a ==============================
[0m12:07:00.044471 [info ] [MainThread]: Running with dbt=1.11.2
[0m12:07:00.046460 [debug] [MainThread]: running dbt with arguments {'version_check': 'True', 'no_print': 'None', 'static_parser': 'True', 'target_path': 'None', 'warn_error_options': 'WarnErrorOptionsV2(error=[], warn=[], silence=[])', 'printer_width': '80', 'write_json': 'True', 'introspect': 'True', 'log_cache_events': 'False', 'empty': 'None', 'cache_selected_only': 'False', 'fail_fast': 'False', 'debug': 'False', 'log_format': 'default', 'partial_parse': 'True', 'send_anonymous_usage_stats': 'True', 'quiet': 'False', 'warn_error': 'None', 'profiles_dir': 'C:\\Users\\Vitthal\\.dbt', 'use_colors': 'True', 'indirect_selection': 'eager', 'invocation_command': 'dbt init', 'use_experimental_parser': 'False', 'log_path': 'logs'}
[0m12:17:28.302458 [debug] [MainThread]: Starter project path: C:\Users\Vitthal\Desktop\AWS-Snowflake-DBT\.venv\Lib\site-packages\dbt\include\starter_project
[0m12:17:28.624352 [info ] [MainThread]: 
Your new dbt project "snowflake_dbt_project" was created!

For more information on how to configure the profiles.yml file,
please consult the dbt documentation here:

  https://docs.getdbt.com/docs/configure-your-profile

One more thing:

Need help? Don't hesitate to reach out to us via GitHub issues or on Slack:

  https://community.getdbt.com/

Happy modeling!

[0m12:17:28.630439 [info ] [MainThread]: Setting up your profile.
[0m12:18:54.105324 [debug] [MainThread]: Snowflake adapter: Setting snowflake.connector to ERROR (file logging only)
[0m12:18:54.109403 [debug] [MainThread]: Snowflake adapter: Setting botocore to ERROR (file logging only)
[0m12:18:54.111400 [debug] [MainThread]: Snowflake adapter: Setting boto3 to ERROR (file logging only)
[0m12:23:47.740910 [info ] [MainThread]: Profile snowflake_dbt_project written to C:\Users\Vitthal\.dbt\profiles.yml using target's profile_template.yml and your supplied values. Run 'dbt debug' to validate the connection.
[0m12:23:47.838217 [debug] [MainThread]: Command `dbt init` succeeded at 12:23:47.833238 after 1008.25 seconds
[0m12:23:47.855182 [debug] [MainThread]: Sending event: {'category': 'dbt', 'action': 'invocation', 'label': 'end', 'context': [<snowplow_tracker.self_describing_json.SelfDescribingJson object at 0x0000023F2063A150>, <snowplow_tracker.self_describing_json.SelfDescribingJson object at 0x0000023F205DE2D0>, <snowplow_tracker.self_describing_json.SelfDescribingJson object at 0x0000023F189A1610>]}
[0m12:23:47.866211 [debug] [MainThread]: Flushing usage events
[0m12:23:50.202180 [debug] [MainThread]: An error was encountered while trying to flush usage events
